[1129/155530.158:ERROR:directory_reader_win.cc(43)] FindFirstFile: The system cannot find the path specified. (0x3)
[1129/202455.974:ERROR:directory_reader_win.cc(43)] FindFirstFile: The system cannot find the path specified. (0x3)
[1129/202741.417:ERROR:directory_reader_win.cc(43)] FindFirstFile: The system cannot find the path specified. (0x3)
[1129/203040.692:ERROR:directory_reader_win.cc(43)] FindFirstFile: The system cannot find the path specified. (0x3)
[1129/223701.728:ERROR:directory_reader_win.cc(43)] FindFirstFile: The system cannot find the path specified. (0x3)
[1129/224221.888:ERROR:directory_reader_win.cc(43)] FindFirstFile: The system cannot find the path specified. (0x3)
[1129/224732.566:ERROR:directory_reader_win.cc(43)] FindFirstFile: The system cannot find the path specified. (0x3)
[1129/235230.410:ERROR:directory_reader_win.cc(43)] FindFirstFile: The system cannot find the path specified. (0x3)
[1130/000258.234:ERROR:directory_reader_win.cc(43)] FindFirstFile: The system cannot find the path specified. (0x3)
[1130/000750.299:ERROR:directory_reader_win.cc(43)] FindFirstFile: The system cannot find the path specified. (0x3)
[1130/001527.992:ERROR:directory_reader_win.cc(43)] FindFirstFile: The system cannot find the path specified. (0x3)
[1130/001717.710:ERROR:directory_reader_win.cc(43)] FindFirstFile: The system cannot find the path specified. (0x3)
[1130/002646.488:ERROR:directory_reader_win.cc(43)] FindFirstFile: The system cannot find the path specified. (0x3)
[1130/002918.048:ERROR:directory_reader_win.cc(43)] FindFirstFile: The system cannot find the path specified. (0x3)
[1130/003058.091:ERROR:directory_reader_win.cc(43)] FindFirstFile: The system cannot find the path specified. (0x3)
[1130/012420.559:ERROR:process_reader_win.cc(151)] SuspendThread: Access is denied. (0x5)
[1130/012420.559:ERROR:process_reader_win.cc(123)] NtOpenThread: {Access Denied} A process has requested access to an object, but has not been granted those access rights. (0xc0000022)
[1130/012420.559:ERROR:exception_snapshot_win.cc(99)] thread ID 8748 not found in process
[1130/012420.571:ERROR:process_reader_win.cc(151)] SuspendThread: Access is denied. (0x5)
[1130/012420.571:ERROR:process_reader_win.cc(123)] NtOpenThread: {Access Denied} A process has requested access to an object, but has not been granted those access rights. (0xc0000022)
[1130/012420.571:ERROR:exception_snapshot_win.cc(99)] thread ID 14160 not found in process
[1130/012420.631:ERROR:process_reader_win.cc(151)] SuspendThread: Access is denied. (0x5)
[1130/012420.631:ERROR:process_reader_win.cc(151)] SuspendThread: Access is denied. (0x5)
[1130/012420.631:ERROR:process_reader_win.cc(151)] SuspendThread: Access is denied. (0x5)
[1130/012420.631:ERROR:process_reader_win.cc(151)] SuspendThread: Access is denied. (0x5)
[1130/012420.631:ERROR:process_reader_win.cc(123)] NtOpenThread: {Access Denied} A process has requested access to an object, but has not been granted those access rights. (0xc0000022)
[1130/012420.631:ERROR:exception_snapshot_win.cc(99)] thread ID 15028 not found in process
[1130/012420.635:ERROR:process_reader_win.cc(151)] SuspendThread: Access is denied. (0x5)
[1130/012420.635:ERROR:process_reader_win.cc(151)] SuspendThread: Access is denied. (0x5)
[1130/012420.635:ERROR:process_reader_win.cc(151)] SuspendThread: Access is denied. (0x5)
[1130/012420.635:ERROR:process_reader_win.cc(151)] SuspendThread: Access is denied. (0x5)
[1130/012420.635:ERROR:process_reader_win.cc(123)] NtOpenThread: {Access Denied} A process has requested access to an object, but has not been granted those access rights. (0xc0000022)
[1130/012420.635:ERROR:exception_snapshot_win.cc(99)] thread ID 14624 not found in process
[1130/012420.665:ERROR:process_reader_win.cc(151)] SuspendThread: Access is denied. (0x5)
[1130/012420.665:ERROR:process_reader_win.cc(123)] NtOpenThread: {Access Denied} A process has requested access to an object, but has not been granted those access rights. (0xc0000022)
[1130/012420.665:ERROR:exception_snapshot_win.cc(99)] thread ID 14384 not found in process
[1130/012420.668:ERROR:process_reader_win.cc(151)] SuspendThread: Access is denied. (0x5)
[1130/012420.668:ERROR:process_reader_win.cc(123)] NtOpenThread: {Access Denied} A process has requested access to an object, but has not been granted those access rights. (0xc0000022)
[1130/012420.668:ERROR:exception_snapshot_win.cc(99)] thread ID 11468 not found in process
[1130/012420.702:ERROR:process_reader_win.cc(151)] SuspendThread: Access is denied. (0x5)
[1130/012420.702:ERROR:process_reader_win.cc(151)] SuspendThread: Access is denied. (0x5)
[1130/012420.702:ERROR:process_reader_win.cc(151)] SuspendThread: Access is denied. (0x5)
[1130/012420.702:ERROR:process_reader_win.cc(151)] SuspendThread: Access is denied. (0x5)
[1130/012420.702:ERROR:process_reader_win.cc(123)] NtOpenThread: {Access Denied} A process has requested access to an object, but has not been granted those access rights. (0xc0000022)
[1130/012420.702:ERROR:exception_snapshot_win.cc(99)] thread ID 7040 not found in process
[1130/012420.706:ERROR:process_reader_win.cc(151)] SuspendThread: Access is denied. (0x5)
[1130/012420.706:ERROR:process_reader_win.cc(123)] NtOpenThread: {Access Denied} A process has requested access to an object, but has not been granted those access rights. (0xc0000022)
[1130/012420.706:ERROR:exception_snapshot_win.cc(99)] thread ID 8224 not found in process
[1130/012420.718:ERROR:process_reader_win.cc(151)] SuspendThread: Access is denied. (0x5)
[1130/012420.718:ERROR:process_reader_win.cc(151)] SuspendThread: Access is denied. (0x5)
[1130/012420.718:ERROR:process_reader_win.cc(151)] SuspendThread: Access is denied. (0x5)
[1130/012420.718:ERROR:process_reader_win.cc(151)] SuspendThread: Access is denied. (0x5)
[1130/012420.718:ERROR:process_reader_win.cc(151)] SuspendThread: Access is denied. (0x5)
[1130/012420.718:ERROR:process_reader_win.cc(123)] NtOpenThread: {Access Denied} A process has requested access to an object, but has not been granted those access rights. (0xc0000022)
[1130/012420.718:ERROR:exception_snapshot_win.cc(99)] thread ID 14600 not found in process
[1130/012420.718:ERROR:process_reader_win.cc(123)] NtOpenThread: {Access Denied} A process has requested access to an object, but has not been granted those access rights. (0xc0000022)
[1130/012420.718:ERROR:exception_snapshot_win.cc(99)] thread ID 6332 not found in process
[1130/012420.722:ERROR:process_reader_win.cc(151)] SuspendThread: Access is denied. (0x5)
[1130/012420.722:ERROR:process_reader_win.cc(151)] SuspendThread: Access is denied. (0x5)
[1130/012420.722:ERROR:process_reader_win.cc(151)] SuspendThread: Access is denied. (0x5)
[1130/012420.722:ERROR:process_reader_win.cc(151)] SuspendThread: Access is denied. (0x5)
[1130/012420.722:ERROR:process_reader_win.cc(123)] NtOpenThread: {Access Denied} A process has requested access to an object, but has not been granted those access rights. (0xc0000022)
[1130/012420.722:ERROR:exception_snapshot_win.cc(99)] thread ID 1028 not found in process
[1130/012420.730:ERROR:process_reader_win.cc(151)] SuspendThread: Access is denied. (0x5)
[1130/012420.730:ERROR:process_reader_win.cc(151)] SuspendThread: Access is denied. (0x5)
[1130/012420.730:ERROR:process_reader_win.cc(123)] NtOpenThread: {Access Denied} A process has requested access to an object, but has not been granted those access rights. (0xc0000022)
[1130/012420.730:ERROR:exception_snapshot_win.cc(99)] thread ID 5596 not found in process
[1130/012420.730:ERROR:process_reader_win.cc(151)] SuspendThread: Access is denied. (0x5)
[1130/012420.734:ERROR:process_reader_win.cc(151)] SuspendThread: Access is denied. (0x5)
[1130/012420.734:ERROR:process_reader_win.cc(151)] SuspendThread: Access is denied. (0x5)
[1130/012420.734:ERROR:process_reader_win.cc(151)] SuspendThread: Access is denied. (0x5)
[1130/012420.734:ERROR:process_reader_win.cc(123)] NtOpenThread: {Access Denied} A process has requested access to an object, but has not been granted those access rights. (0xc0000022)
[1130/012420.734:ERROR:exception_snapshot_win.cc(99)] thread ID 15068 not found in process
[1130/012420.734:ERROR:process_reader_win.cc(151)] SuspendThread: Access is denied. (0x5)
[1130/012420.734:ERROR:process_reader_win.cc(151)] SuspendThread: Access is denied. (0x5)
[1130/012420.734:ERROR:process_reader_win.cc(151)] SuspendThread: Access is denied. (0x5)
[1130/012420.734:ERROR:process_reader_win.cc(151)] SuspendThread: Access is denied. (0x5)
[1130/012420.734:ERROR:process_reader_win.cc(151)] SuspendThread: Access is denied. (0x5)
[1130/012420.734:ERROR:process_reader_win.cc(123)] NtOpenThread: {Access Denied} A process has requested access to an object, but has not been granted those access rights. (0xc0000022)
[1130/012420.734:ERROR:exception_snapshot_win.cc(99)] thread ID 12956 not found in process
[1130/012420.738:ERROR:process_reader_win.cc(151)] SuspendThread: Access is denied. (0x5)
[1130/012420.738:ERROR:process_reader_win.cc(151)] SuspendThread: Access is denied. (0x5)
[1130/012420.738:ERROR:process_reader_win.cc(151)] SuspendThread: Access is denied. (0x5)
[1130/012420.738:ERROR:process_reader_win.cc(151)] SuspendThread: Access is denied. (0x5)
[1130/012420.738:ERROR:process_reader_win.cc(123)] NtOpenThread: {Access Denied} A process has requested access to an object, but has not been granted those access rights. (0xc0000022)
[1130/012420.738:ERROR:exception_snapshot_win.cc(99)] thread ID 5764 not found in process
[1130/012420.742:ERROR:process_reader_win.cc(123)] NtOpenThread: {Access Denied} A process has requested access to an object, but has not been granted those access rights. (0xc0000022)
[1130/012420.742:ERROR:exception_snapshot_win.cc(99)] thread ID 2244 not found in process
[1130/101515.933:ERROR:directory_reader_win.cc(43)] FindFirstFile: The system cannot find the path specified. (0x3)
[1130/103909.585:ERROR:directory_reader_win.cc(43)] FindFirstFile: The system cannot find the path specified. (0x3)
[1130/104029.546:ERROR:directory_reader_win.cc(43)] FindFirstFile: The system cannot find the path specified. (0x3)
[1130/104317.201:ERROR:directory_reader_win.cc(43)] FindFirstFile: The system cannot find the path specified. (0x3)
[1130/120249.157:ERROR:directory_reader_win.cc(43)] FindFirstFile: The system cannot find the path specified. (0x3)
[1130/120752.323:ERROR:directory_reader_win.cc(43)] FindFirstFile: The system cannot find the path specified. (0x3)
[1130/121955.448:ERROR:directory_reader_win.cc(43)] FindFirstFile: The system cannot find the path specified. (0x3)
[1130/123956.161:ERROR:directory_reader_win.cc(43)] FindFirstFile: The system cannot find the path specified. (0x3)
[1130/125108.143:ERROR:directory_reader_win.cc(43)] FindFirstFile: The system cannot find the path specified. (0x3)
[1130/125802.738:ERROR:directory_reader_win.cc(43)] FindFirstFile: The system cannot find the path specified. (0x3)
[1130/130302.075:ERROR:directory_reader_win.cc(43)] FindFirstFile: The system cannot find the path specified. (0x3)
[1130/130834.792:ERROR:directory_reader_win.cc(43)] FindFirstFile: The system cannot find the path specified. (0x3)
[1130/131433.245:ERROR:directory_reader_win.cc(43)] FindFirstFile: The system cannot find the path specified. (0x3)
[1130/133107.433:ERROR:directory_reader_win.cc(43)] FindFirstFile: The system cannot find the path specified. (0x3)
[1130/134352.483:ERROR:directory_reader_win.cc(43)] FindFirstFile: The system cannot find the path specified. (0x3)
[1130/141815.644:ERROR:directory_reader_win.cc(43)] FindFirstFile: The system cannot find the path specified. (0x3)
[1130/142219.136:ERROR:directory_reader_win.cc(43)] FindFirstFile: The system cannot find the path specified. (0x3)
[1130/145634.546:ERROR:directory_reader_win.cc(43)] FindFirstFile: The system cannot find the path specified. (0x3)
[1130/150004.600:ERROR:directory_reader_win.cc(43)] FindFirstFile: The system cannot find the path specified. (0x3)
[1130/150233.500:ERROR:directory_reader_win.cc(43)] FindFirstFile: The system cannot find the path specified. (0x3)
[1130/150629.105:ERROR:directory_reader_win.cc(43)] FindFirstFile: The system cannot find the path specified. (0x3)
[1130/152153.687:ERROR:directory_reader_win.cc(43)] FindFirstFile: The system cannot find the path specified. (0x3)
[1130/152442.763:ERROR:directory_reader_win.cc(43)] FindFirstFile: The system cannot find the path specified. (0x3)
[1130/153647.744:ERROR:directory_reader_win.cc(43)] FindFirstFile: The system cannot find the path specified. (0x3)
[1130/154243.402:ERROR:directory_reader_win.cc(43)] FindFirstFile: The system cannot find the path specified. (0x3)
[1130/154733.238:ERROR:directory_reader_win.cc(43)] FindFirstFile: The system cannot find the path specified. (0x3)
[1130/155135.211:ERROR:directory_reader_win.cc(43)] FindFirstFile: The system cannot find the path specified. (0x3)
[1130/161259.729:ERROR:directory_reader_win.cc(43)] FindFirstFile: The system cannot find the path specified. (0x3)
[1130/163305.166:ERROR:directory_reader_win.cc(43)] FindFirstFile: The system cannot find the path specified. (0x3)
[1130/164513.807:ERROR:directory_reader_win.cc(43)] FindFirstFile: The system cannot find the path specified. (0x3)
[1130/164804.745:ERROR:directory_reader_win.cc(43)] FindFirstFile: The system cannot find the path specified. (0x3)
[1130/171726.190:ERROR:directory_reader_win.cc(43)] FindFirstFile: The system cannot find the path specified. (0x3)
[1130/204641.436:ERROR:process_reader_win.cc(123)] NtOpenThread: {Access Denied} A process has requested access to an object, but has not been granted those access rights. (0xc0000022)
[1130/204641.438:ERROR:exception_snapshot_win.cc(99)] thread ID 20988 not found in process
[1130/204641.453:ERROR:process_reader_win.cc(151)] SuspendThread: Access is denied. (0x5)
[1130/204641.454:ERROR:process_reader_win.cc(123)] NtOpenThread: {Access Denied} A process has requested access to an object, but has not been granted those access rights. (0xc0000022)
[1130/204641.454:ERROR:exception_snapshot_win.cc(99)] thread ID 9888 not found in process
[1130/204641.460:ERROR:process_reader_win.cc(151)] SuspendThread: Access is denied. (0x5)
[1130/204641.461:ERROR:process_reader_win.cc(123)] NtOpenThread: {Access Denied} A process has requested access to an object, but has not been granted those access rights. (0xc0000022)
[1130/204641.461:ERROR:exception_snapshot_win.cc(99)] thread ID 9448 not found in process
[1130/204641.477:ERROR:process_reader_win.cc(151)] SuspendThread: Access is denied. (0x5)
[1130/204641.477:ERROR:process_reader_win.cc(123)] NtOpenThread: {Access Denied} A process has requested access to an object, but has not been granted those access rights. (0xc0000022)
[1130/204641.477:ERROR:exception_snapshot_win.cc(99)] thread ID 22044 not found in process
[1130/204641.487:ERROR:process_reader_win.cc(151)] SuspendThread: Access is denied. (0x5)
[1130/204641.487:ERROR:process_reader_win.cc(151)] SuspendThread: Access is denied. (0x5)
[1130/204641.487:ERROR:process_reader_win.cc(151)] SuspendThread: Access is denied. (0x5)
[1130/204641.487:ERROR:process_reader_win.cc(151)] SuspendThread: Access is denied. (0x5)
[1130/204641.487:ERROR:process_reader_win.cc(151)] SuspendThread: Access is denied. (0x5)
[1130/204641.487:ERROR:process_reader_win.cc(151)] SuspendThread: Access is denied. (0x5)
[1130/204641.487:ERROR:process_reader_win.cc(151)] SuspendThread: Access is denied. (0x5)
[1130/204641.487:ERROR:process_reader_win.cc(151)] SuspendThread: Access is denied. (0x5)
[1130/204641.487:ERROR:process_reader_win.cc(123)] NtOpenThread: {Access Denied} A process has requested access to an object, but has not been granted those access rights. (0xc0000022)
[1130/204641.487:ERROR:exception_snapshot_win.cc(99)] thread ID 17340 not found in process
[1130/204641.487:ERROR:process_reader_win.cc(123)] NtOpenThread: {Access Denied} A process has requested access to an object, but has not been granted those access rights. (0xc0000022)
[1130/204641.488:ERROR:exception_snapshot_win.cc(99)] thread ID 13984 not found in process
[1130/204641.494:ERROR:process_reader_win.cc(151)] SuspendThread: Access is denied. (0x5)
[1130/204641.494:ERROR:process_reader_win.cc(151)] SuspendThread: Access is denied. (0x5)
[1130/204641.494:ERROR:process_reader_win.cc(151)] SuspendThread: Access is denied. (0x5)
[1130/204641.494:ERROR:process_reader_win.cc(151)] SuspendThread: Access is denied. (0x5)
[1130/204641.494:ERROR:process_reader_win.cc(123)] NtOpenThread: {Access Denied} A process has requested access to an object, but has not been granted those access rights. (0xc0000022)
[1130/204641.494:ERROR:exception_snapshot_win.cc(99)] thread ID 11684 not found in process
[1130/204641.495:ERROR:process_reader_win.cc(151)] SuspendThread: Access is denied. (0x5)
[1130/204641.496:ERROR:process_reader_win.cc(123)] NtOpenThread: {Access Denied} A process has requested access to an object, but has not been granted those access rights. (0xc0000022)
[1130/204641.496:ERROR:exception_snapshot_win.cc(99)] thread ID 10680 not found in process
[1130/204641.497:ERROR:process_reader_win.cc(151)] SuspendThread: Access is denied. (0x5)
[1130/204641.498:ERROR:process_reader_win.cc(151)] SuspendThread: Access is denied. (0x5)
[1130/204641.498:ERROR:process_reader_win.cc(151)] SuspendThread: Access is denied. (0x5)
[1130/204641.498:ERROR:process_reader_win.cc(151)] SuspendThread: Access is denied. (0x5)
[1130/204641.498:ERROR:process_reader_win.cc(123)] NtOpenThread: {Access Denied} A process has requested access to an object, but has not been granted those access rights. (0xc0000022)
[1130/204641.498:ERROR:exception_snapshot_win.cc(99)] thread ID 22308 not found in process
[1130/204641.500:ERROR:process_reader_win.cc(151)] SuspendThread: Access is denied. (0x5)
[1130/204641.500:ERROR:process_reader_win.cc(151)] SuspendThread: Access is denied. (0x5)
[1130/204641.500:ERROR:process_reader_win.cc(151)] SuspendThread: Access is denied. (0x5)
[1130/204641.500:ERROR:process_reader_win.cc(151)] SuspendThread: Access is denied. (0x5)
[1130/204641.500:ERROR:process_reader_win.cc(123)] NtOpenThread: {Access Denied} A process has requested access to an object, but has not been granted those access rights. (0xc0000022)
[1130/204641.500:ERROR:exception_snapshot_win.cc(99)] thread ID 6296 not found in process
[1130/204641.500:ERROR:process_reader_win.cc(151)] SuspendThread: Access is denied. (0x5)
[1130/204641.500:ERROR:process_reader_win.cc(151)] SuspendThread: Access is denied. (0x5)
[1130/204641.500:ERROR:process_reader_win.cc(151)] SuspendThread: Access is denied. (0x5)
[1130/204641.501:ERROR:process_reader_win.cc(151)] SuspendThread: Access is denied. (0x5)
[1130/204641.501:ERROR:process_reader_win.cc(151)] SuspendThread: Access is denied. (0x5)
[1130/204641.501:ERROR:process_reader_win.cc(151)] SuspendThread: Access is denied. (0x5)
[1130/204641.501:ERROR:process_reader_win.cc(123)] NtOpenThread: {Access Denied} A process has requested access to an object, but has not been granted those access rights. (0xc0000022)
[1130/204641.501:ERROR:exception_snapshot_win.cc(99)] thread ID 2356 not found in process
[1130/204641.508:ERROR:process_reader_win.cc(123)] NtOpenThread: {Access Denied} A process has requested access to an object, but has not been granted those access rights. (0xc0000022)
[1130/204641.508:ERROR:exception_snapshot_win.cc(99)] thread ID 21772 not found in process
[1130/205143.747:ERROR:process_reader_win.cc(123)] NtOpenThread: {Access Denied} A process has requested access to an object, but has not been granted those access rights. (0xc0000022)
[1130/205143.747:ERROR:exception_snapshot_win.cc(99)] thread ID 22224 not found in process
[1130/205143.795:ERROR:process_reader_win.cc(123)] NtOpenThread: {Access Denied} A process has requested access to an object, but has not been granted those access rights. (0xc0000022)
[1130/205143.795:ERROR:exception_snapshot_win.cc(99)] thread ID 2472 not found in process
[1130/211736.562:ERROR:directory_reader_win.cc(43)] FindFirstFile: The system cannot find the path specified. (0x3)
[1130/212507.297:ERROR:directory_reader_win.cc(43)] FindFirstFile: The system cannot find the path specified. (0x3)
[1130/212603.871:ERROR:directory_reader_win.cc(43)] FindFirstFile: The system cannot find the path specified. (0x3)
[1130/215046.812:ERROR:directory_reader_win.cc(43)] FindFirstFile: The system cannot find the path specified. (0x3)
[1201/004358.544:ERROR:directory_reader_win.cc(43)] FindFirstFile: The system cannot find the path specified. (0x3)
[1201/012249.579:ERROR:directory_reader_win.cc(43)] FindFirstFile: The system cannot find the path specified. (0x3)
[1201/090909.483:ERROR:directory_reader_win.cc(43)] FindFirstFile: The system cannot find the path specified. (0x3)
[1201/091130.096:ERROR:directory_reader_win.cc(43)] FindFirstFile: The system cannot find the path specified. (0x3)
[1201/095153.627:ERROR:directory_reader_win.cc(43)] FindFirstFile: The system cannot find the path specified. (0x3)
[1201/095939.443:ERROR:directory_reader_win.cc(43)] FindFirstFile: The system cannot find the path specified. (0x3)
[1201/100414.183:ERROR:directory_reader_win.cc(43)] FindFirstFile: The system cannot find the path specified. (0x3)
[1201/101352.656:ERROR:directory_reader_win.cc(43)] FindFirstFile: The system cannot find the path specified. (0x3)
[1201/103517.516:ERROR:directory_reader_win.cc(43)] FindFirstFile: The system cannot find the path specified. (0x3)
[1201/105945.847:ERROR:directory_reader_win.cc(43)] FindFirstFile: The system cannot find the path specified. (0x3)
[1201/112927.497:ERROR:directory_reader_win.cc(43)] FindFirstFile: The system cannot find the path specified. (0x3)
[1201/113605.073:ERROR:directory_reader_win.cc(43)] FindFirstFile: The system cannot find the path specified. (0x3)
[1201/125328.287:ERROR:directory_reader_win.cc(43)] FindFirstFile: The system cannot find the path specified. (0x3)
[1201/132248.953:ERROR:directory_reader_win.cc(43)] FindFirstFile: The system cannot find the path specified. (0x3)
[1201/133335.665:ERROR:directory_reader_win.cc(43)] FindFirstFile: The system cannot find the path specified. (0x3)
[1201/134756.012:ERROR:directory_reader_win.cc(43)] FindFirstFile: The system cannot find the path specified. (0x3)
[1201/143843.971:ERROR:directory_reader_win.cc(43)] FindFirstFile: The system cannot find the path specified. (0x3)
[1201/145753.677:ERROR:directory_reader_win.cc(43)] FindFirstFile: The system cannot find the path specified. (0x3)
[1201/155758.217:ERROR:directory_reader_win.cc(43)] FindFirstFile: The system cannot find the path specified. (0x3)
[1201/162710.784:ERROR:directory_reader_win.cc(43)] FindFirstFile: The system cannot find the path specified. (0x3)
[1201/163238.184:ERROR:directory_reader_win.cc(43)] FindFirstFile: The system cannot find the path specified. (0x3)
[1201/164510.890:ERROR:directory_reader_win.cc(43)] FindFirstFile: The system cannot find the path specified. (0x3)
[1201/164853.288:ERROR:directory_reader_win.cc(43)] FindFirstFile: The system cannot find the path specified. (0x3)
[1201/165632.842:ERROR:directory_reader_win.cc(43)] FindFirstFile: The system cannot find the path specified. (0x3)
[1201/170917.335:ERROR:directory_reader_win.cc(43)] FindFirstFile: The system cannot find the path specified. (0x3)
[1201/171122.023:ERROR:directory_reader_win.cc(43)] FindFirstFile: The system cannot find the path specified. (0x3)
[1201/173405.676:ERROR:directory_reader_win.cc(43)] FindFirstFile: The system cannot find the path specified. (0x3)
[1201/173921.910:ERROR:directory_reader_win.cc(43)] FindFirstFile: The system cannot find the path specified. (0x3)
[1201/180615.083:ERROR:directory_reader_win.cc(43)] FindFirstFile: The system cannot find the path specified. (0x3)
[1201/180716.774:ERROR:directory_reader_win.cc(43)] FindFirstFile: The system cannot find the path specified. (0x3)
[1201/181342.241:ERROR:directory_reader_win.cc(43)] FindFirstFile: The system cannot find the path specified. (0x3)
[1201/195343.151:ERROR:directory_reader_win.cc(43)] FindFirstFile: The system cannot find the path specified. (0x3)
[1201/200313.073:ERROR:directory_reader_win.cc(43)] FindFirstFile: The system cannot find the path specified. (0x3)
[1201/200718.153:ERROR:directory_reader_win.cc(43)] FindFirstFile: The system cannot find the path specified. (0x3)
[1201/201129.770:ERROR:directory_reader_win.cc(43)] FindFirstFile: The system cannot find the path specified. (0x3)
[1201/201549.721:ERROR:directory_reader_win.cc(43)] FindFirstFile: The system cannot find the path specified. (0x3)
[1201/201944.097:ERROR:directory_reader_win.cc(43)] FindFirstFile: The system cannot find the path specified. (0x3)
[1201/211755.052:ERROR:directory_reader_win.cc(43)] FindFirstFile: The system cannot find the path specified. (0x3)
[1201/234436.204:ERROR:directory_reader_win.cc(43)] FindFirstFile: The system cannot find the path specified. (0x3)
[1201/235912.628:ERROR:directory_reader_win.cc(43)] FindFirstFile: The system cannot find the path specified. (0x3)
[1202/000132.984:ERROR:directory_reader_win.cc(43)] FindFirstFile: The system cannot find the path specified. (0x3)
[1202/094439.915:ERROR:directory_reader_win.cc(43)] FindFirstFile: The system cannot find the path specified. (0x3)
[1202/095456.936:ERROR:directory_reader_win.cc(43)] FindFirstFile: The system cannot find the path specified. (0x3)
[1202/095724.443:ERROR:directory_reader_win.cc(43)] FindFirstFile: The system cannot find the path specified. (0x3)
[1202/130537.569:ERROR:directory_reader_win.cc(43)] FindFirstFile: The system cannot find the path specified. (0x3)
[1202/133740.764:ERROR:directory_reader_win.cc(43)] FindFirstFile: The system cannot find the path specified. (0x3)
[1202/133856.069:ERROR:directory_reader_win.cc(43)] FindFirstFile: The system cannot find the path specified. (0x3)
[1202/150353.187:ERROR:directory_reader_win.cc(43)] FindFirstFile: The system cannot find the path specified. (0x3)
[1202/155353.223:ERROR:directory_reader_win.cc(43)] FindFirstFile: The system cannot find the path specified. (0x3)
[1205/120428.013:ERROR:directory_reader_win.cc(43)] FindFirstFile: The system cannot find the path specified. (0x3)
[1205/121123.097:ERROR:directory_reader_win.cc(43)] FindFirstFile: The system cannot find the path specified. (0x3)
[1205/121223.534:ERROR:directory_reader_win.cc(43)] FindFirstFile: The system cannot find the path specified. (0x3)
[1205/131211.888:ERROR:directory_reader_win.cc(43)] FindFirstFile: The system cannot find the path specified. (0x3)
[1205/131449.673:ERROR:directory_reader_win.cc(43)] FindFirstFile: The system cannot find the path specified. (0x3)
[1205/133322.134:ERROR:directory_reader_win.cc(43)] FindFirstFile: The system cannot find the path specified. (0x3)
[1205/133605.247:ERROR:directory_reader_win.cc(43)] FindFirstFile: The system cannot find the path specified. (0x3)
[1205/133741.128:ERROR:directory_reader_win.cc(43)] FindFirstFile: The system cannot find the path specified. (0x3)
[1205/134106.545:ERROR:directory_reader_win.cc(43)] FindFirstFile: The system cannot find the path specified. (0x3)
[1205/134518.605:ERROR:process_reader_win.cc(123)] NtOpenThread: {Access Denied} A process has requested access to an object, but has not been granted those access rights. (0xc0000022)
[1205/134518.607:ERROR:exception_snapshot_win.cc(99)] thread ID 15924 not found in process
[1205/134518.648:ERROR:process_reader_win.cc(123)] NtOpenThread: {Access Denied} A process has requested access to an object, but has not been granted those access rights. (0xc0000022)
[1205/134518.648:ERROR:exception_snapshot_win.cc(99)] thread ID 15908 not found in process
[1205/134518.704:ERROR:process_reader_win.cc(123)] NtOpenThread: {Access Denied} A process has requested access to an object, but has not been granted those access rights. (0xc0000022)
[1205/134518.704:ERROR:exception_snapshot_win.cc(99)] thread ID 5816 not found in process
[1205/134518.751:ERROR:process_reader_win.cc(123)] NtOpenThread: {Access Denied} A process has requested access to an object, but has not been granted those access rights. (0xc0000022)
[1205/134518.751:ERROR:exception_snapshot_win.cc(99)] thread ID 7272 not found in process
[1205/134518.815:ERROR:process_reader_win.cc(123)] NtOpenThread: {Access Denied} A process has requested access to an object, but has not been granted those access rights. (0xc0000022)
[1205/134518.815:ERROR:exception_snapshot_win.cc(99)] thread ID 16340 not found in process
[1205/134518.859:ERROR:process_reader_win.cc(123)] NtOpenThread: {Access Denied} A process has requested access to an object, but has not been granted those access rights. (0xc0000022)
[1205/134518.859:ERROR:exception_snapshot_win.cc(99)] thread ID 11836 not found in process
[1205/134518.914:ERROR:process_reader_win.cc(123)] NtOpenThread: {Access Denied} A process has requested access to an object, but has not been granted those access rights. (0xc0000022)
[1205/134518.914:ERROR:exception_snapshot_win.cc(99)] thread ID 6832 not found in process
[1205/134518.957:ERROR:process_reader_win.cc(123)] NtOpenThread: {Access Denied} A process has requested access to an object, but has not been granted those access rights. (0xc0000022)
[1205/134518.957:ERROR:exception_snapshot_win.cc(99)] thread ID 13316 not found in process
[1205/134519.017:ERROR:process_reader_win.cc(123)] NtOpenThread: {Access Denied} A process has requested access to an object, but has not been granted those access rights. (0xc0000022)
[1205/134519.018:ERROR:exception_snapshot_win.cc(99)] thread ID 15912 not found in process
[1205/134519.063:ERROR:process_reader_win.cc(123)] NtOpenThread: {Access Denied} A process has requested access to an object, but has not been granted those access rights. (0xc0000022)
[1205/134519.063:ERROR:exception_snapshot_win.cc(99)] thread ID 15940 not found in process
[1205/134519.143:ERROR:process_reader_win.cc(123)] NtOpenThread: {Access Denied} A process has requested access to an object, but has not been granted those access rights. (0xc0000022)
[1205/134519.144:ERROR:exception_snapshot_win.cc(99)] thread ID 15608 not found in process
[1205/134519.200:ERROR:process_reader_win.cc(123)] NtOpenThread: {Access Denied} A process has requested access to an object, but has not been granted those access rights. (0xc0000022)
[1205/134519.200:ERROR:exception_snapshot_win.cc(99)] thread ID 14112 not found in process
[1205/134519.266:ERROR:process_reader_win.cc(123)] NtOpenThread: {Access Denied} A process has requested access to an object, but has not been granted those access rights. (0xc0000022)
[1205/134519.266:ERROR:exception_snapshot_win.cc(99)] thread ID 15584 not found in process
[1205/134519.314:ERROR:process_reader_win.cc(123)] NtOpenThread: {Access Denied} A process has requested access to an object, but has not been granted those access rights. (0xc0000022)
[1205/134519.314:ERROR:exception_snapshot_win.cc(99)] thread ID 14720 not found in process
[1205/134519.362:ERROR:process_reader_win.cc(123)] NtOpenThread: {Access Denied} A process has requested access to an object, but has not been granted those access rights. (0xc0000022)
[1205/134519.363:ERROR:exception_snapshot_win.cc(99)] thread ID 12148 not found in process
[1205/134519.412:ERROR:process_reader_win.cc(151)] SuspendThread: Access is denied. (0x5)
[1205/134519.412:ERROR:process_reader_win.cc(151)] SuspendThread: Access is denied. (0x5)
[1205/134519.412:ERROR:process_reader_win.cc(123)] NtOpenThread: {Access Denied} A process has requested access to an object, but has not been granted those access rights. (0xc0000022)
[1205/134519.412:ERROR:exception_snapshot_win.cc(99)] thread ID 13848 not found in process
[1205/154450.115:ERROR:directory_reader_win.cc(43)] FindFirstFile: The system cannot find the path specified. (0x3)
[1205/161656.305:ERROR:directory_reader_win.cc(43)] FindFirstFile: The system cannot find the path specified. (0x3)
[1205/162818.438:ERROR:directory_reader_win.cc(43)] FindFirstFile: The system cannot find the path specified. (0x3)
[1206/114513.258:ERROR:process_reader_win.cc(123)] NtOpenThread: {Access Denied} A process has requested access to an object, but has not been granted those access rights. (0xc0000022)
[1206/114513.258:ERROR:exception_snapshot_win.cc(99)] thread ID 7076 not found in process
[1206/114513.346:ERROR:process_reader_win.cc(151)] SuspendThread: Access is denied. (0x5)
[1206/114513.346:ERROR:process_reader_win.cc(151)] SuspendThread: Access is denied. (0x5)
[1206/114513.346:ERROR:process_reader_win.cc(151)] SuspendThread: Access is denied. (0x5)
[1206/114513.346:ERROR:process_reader_win.cc(151)] SuspendThread: Access is denied. (0x5)
[1206/114513.346:ERROR:process_reader_win.cc(123)] NtOpenThread: {Access Denied} A process has requested access to an object, but has not been granted those access rights. (0xc0000022)
[1206/114513.346:ERROR:exception_snapshot_win.cc(99)] thread ID 4616 not found in process
[1206/114513.386:ERROR:process_reader_win.cc(151)] SuspendThread: Access is denied. (0x5)
[1206/114513.386:ERROR:process_reader_win.cc(151)] SuspendThread: Access is denied. (0x5)
[1206/114513.386:ERROR:process_reader_win.cc(123)] NtOpenThread: {Access Denied} A process has requested access to an object, but has not been granted those access rights. (0xc0000022)
[1206/114513.386:ERROR:exception_snapshot_win.cc(99)] thread ID 8828 not found in process
[1206/114513.466:ERROR:process_reader_win.cc(151)] SuspendThread: Access is denied. (0x5)
[1206/114513.466:ERROR:process_reader_win.cc(151)] SuspendThread: Access is denied. (0x5)
[1206/114513.466:ERROR:process_reader_win.cc(151)] SuspendThread: Access is denied. (0x5)
[1206/114513.466:ERROR:process_reader_win.cc(151)] SuspendThread: Access is denied. (0x5)
[1206/114513.466:ERROR:process_reader_win.cc(123)] NtOpenThread: {Access Denied} A process has requested access to an object, but has not been granted those access rights. (0xc0000022)
[1206/114513.466:ERROR:exception_snapshot_win.cc(99)] thread ID 4564 not found in process
[1206/114513.554:ERROR:process_reader_win.cc(151)] SuspendThread: Access is denied. (0x5)
[1206/114513.562:ERROR:process_reader_win.cc(123)] NtOpenThread: {Access Denied} A process has requested access to an object, but has not been granted those access rights. (0xc0000022)
[1206/114513.562:ERROR:exception_snapshot_win.cc(99)] thread ID 7052 not found in process
[1206/114513.674:ERROR:process_reader_win.cc(151)] SuspendThread: Access is denied. (0x5)
[1206/114513.674:ERROR:process_reader_win.cc(151)] SuspendThread: Access is denied. (0x5)
[1206/114513.674:ERROR:process_reader_win.cc(151)] SuspendThread: Access is denied. (0x5)
[1206/114513.674:ERROR:process_reader_win.cc(151)] SuspendThread: Access is denied. (0x5)
[1206/114513.674:ERROR:process_reader_win.cc(123)] NtOpenThread: {Access Denied} A process has requested access to an object, but has not been granted those access rights. (0xc0000022)
[1206/114513.674:ERROR:exception_snapshot_win.cc(99)] thread ID 4068 not found in process
[1206/114513.698:ERROR:process_reader_win.cc(123)] NtOpenThread: An invalid Client ID was specified. (0xc000000b)
[1206/114513.698:ERROR:process_reader_win.cc(151)] SuspendThread: Access is denied. (0x5)
[1206/114513.698:ERROR:process_reader_win.cc(151)] SuspendThread: Access is denied. (0x5)
[1206/114513.698:ERROR:process_reader_win.cc(151)] SuspendThread: Access is denied. (0x5)
[1206/114513.698:ERROR:process_reader_win.cc(151)] SuspendThread: Access is denied. (0x5)
[1206/114513.698:ERROR:process_reader_win.cc(151)] SuspendThread: Access is denied. (0x5)
[1206/114513.698:ERROR:process_reader_win.cc(123)] NtOpenThread: {Access Denied} A process has requested access to an object, but has not been granted those access rights. (0xc0000022)
[1206/114513.698:ERROR:exception_snapshot_win.cc(99)] thread ID 7088 not found in process
[1206/114513.834:ERROR:process_reader_win.cc(151)] SuspendThread: Access is denied. (0x5)
[1206/114513.834:ERROR:process_reader_win.cc(151)] SuspendThread: Access is denied. (0x5)
[1206/114513.834:ERROR:process_reader_win.cc(151)] SuspendThread: Access is denied. (0x5)
[1206/114513.834:ERROR:process_reader_win.cc(151)] SuspendThread: Access is denied. (0x5)
[1206/114513.834:ERROR:process_reader_win.cc(151)] SuspendThread: Access is denied. (0x5)
[1206/114513.834:ERROR:process_reader_win.cc(151)] SuspendThread: Access is denied. (0x5)
[1206/114513.834:ERROR:process_reader_win.cc(123)] NtOpenThread: {Access Denied} A process has requested access to an object, but has not been granted those access rights. (0xc0000022)
[1206/114513.834:ERROR:exception_snapshot_win.cc(99)] thread ID 8112 not found in process
[1206/115848.654:ERROR:directory_reader_win.cc(43)] FindFirstFile: The system cannot find the path specified. (0x3)
[1206/121520.116:ERROR:process_reader_win.cc(123)] NtOpenThread: {Access Denied} A process has requested access to an object, but has not been granted those access rights. (0xc0000022)
[1206/121520.116:ERROR:exception_snapshot_win.cc(99)] thread ID 8056 not found in process
[1206/121520.147:ERROR:process_reader_win.cc(123)] NtOpenThread: {Access Denied} A process has requested access to an object, but has not been granted those access rights. (0xc0000022)
[1206/121520.147:ERROR:exception_snapshot_win.cc(99)] thread ID 7684 not found in process
[1206/121926.254:ERROR:process_reader_win.cc(123)] NtOpenThread: {Access Denied} A process has requested access to an object, but has not been granted those access rights. (0xc0000022)
[1206/121926.254:ERROR:exception_snapshot_win.cc(99)] thread ID 9840 not found in process
[1206/121926.358:ERROR:process_reader_win.cc(151)] SuspendThread: Access is denied. (0x5)
[1206/121926.358:ERROR:process_reader_win.cc(151)] SuspendThread: Access is denied. (0x5)
[1206/121926.358:ERROR:process_reader_win.cc(151)] SuspendThread: Access is denied. (0x5)
[1206/121926.358:ERROR:process_reader_win.cc(151)] SuspendThread: Access is denied. (0x5)
[1206/121926.358:ERROR:process_reader_win.cc(151)] SuspendThread: Access is denied. (0x5)
[1206/121926.358:ERROR:process_reader_win.cc(151)] SuspendThread: Access is denied. (0x5)
[1206/121926.366:ERROR:process_reader_win.cc(151)] SuspendThread: Access is denied. (0x5)
[1206/121926.366:ERROR:process_reader_win.cc(123)] NtOpenThread: {Access Denied} A process has requested access to an object, but has not been granted those access rights. (0xc0000022)
[1206/121926.366:ERROR:exception_snapshot_win.cc(99)] thread ID 6960 not found in process
[1206/123209.232:ERROR:process_reader_win.cc(151)] SuspendThread: Access is denied. (0x5)
[1206/123209.232:ERROR:process_reader_win.cc(123)] NtOpenThread: {Access Denied} A process has requested access to an object, but has not been granted those access rights. (0xc0000022)
[1206/123209.232:ERROR:exception_snapshot_win.cc(99)] thread ID 6184 not found in process
[1206/123209.272:ERROR:process_reader_win.cc(123)] NtOpenThread: {Access Denied} A process has requested access to an object, but has not been granted those access rights. (0xc0000022)
[1206/123209.272:ERROR:exception_snapshot_win.cc(99)] thread ID 8168 not found in process
[1206/123250.349:ERROR:process_reader_win.cc(123)] NtOpenThread: {Access Denied} A process has requested access to an object, but has not been granted those access rights. (0xc0000022)
[1206/123250.349:ERROR:exception_snapshot_win.cc(99)] thread ID 2984 not found in process
[1206/123250.405:ERROR:process_reader_win.cc(151)] SuspendThread: Access is denied. (0x5)
[1206/123250.405:ERROR:process_reader_win.cc(151)] SuspendThread: Access is denied. (0x5)
[1206/123250.405:ERROR:process_reader_win.cc(151)] SuspendThread: Access is denied. (0x5)
[1206/123250.405:ERROR:process_reader_win.cc(151)] SuspendThread: Access is denied. (0x5)
[1206/123250.405:ERROR:process_reader_win.cc(151)] SuspendThread: Access is denied. (0x5)
[1206/123250.405:ERROR:process_reader_win.cc(151)] SuspendThread: Access is denied. (0x5)
[1206/123250.405:ERROR:process_reader_win.cc(151)] SuspendThread: Access is denied. (0x5)
[1206/123250.405:ERROR:process_reader_win.cc(151)] SuspendThread: Access is denied. (0x5)
[1206/123250.405:ERROR:process_reader_win.cc(151)] SuspendThread: Access is denied. (0x5)
[1206/123250.405:ERROR:process_reader_win.cc(151)] SuspendThread: Access is denied. (0x5)
[1206/123250.405:ERROR:process_reader_win.cc(151)] SuspendThread: Access is denied. (0x5)
[1206/123250.405:ERROR:process_reader_win.cc(151)] SuspendThread: Access is denied. (0x5)
[1206/123250.405:ERROR:process_reader_win.cc(151)] SuspendThread: Access is denied. (0x5)
[1206/123250.405:ERROR:process_reader_win.cc(151)] SuspendThread: Access is denied. (0x5)
[1206/123250.405:ERROR:process_reader_win.cc(151)] SuspendThread: Access is denied. (0x5)
[1206/123250.405:ERROR:process_reader_win.cc(151)] SuspendThread: Access is denied. (0x5)
[1206/123250.405:ERROR:process_reader_win.cc(151)] SuspendThread: Access is denied. (0x5)
[1206/123250.405:ERROR:process_reader_win.cc(151)] SuspendThread: Access is denied. (0x5)
[1206/123250.405:ERROR:process_reader_win.cc(151)] SuspendThread: Access is denied. (0x5)
[1206/123250.405:ERROR:process_reader_win.cc(151)] SuspendThread: Access is denied. (0x5)
[1206/123250.405:ERROR:process_reader_win.cc(151)] SuspendThread: Access is denied. (0x5)
[1206/123250.405:ERROR:process_reader_win.cc(151)] SuspendThread: Access is denied. (0x5)
[1206/123250.405:ERROR:process_reader_win.cc(151)] SuspendThread: Access is denied. (0x5)
[1206/123250.405:ERROR:process_reader_win.cc(151)] SuspendThread: Access is denied. (0x5)
[1206/123250.405:ERROR:process_reader_win.cc(151)] SuspendThread: Access is denied. (0x5)
[1206/123250.405:ERROR:process_reader_win.cc(151)] SuspendThread: Access is denied. (0x5)
[1206/123250.405:ERROR:process_reader_win.cc(151)] SuspendThread: Access is denied. (0x5)
[1206/123250.405:ERROR:process_reader_win.cc(123)] NtOpenThread: {Access Denied} A process has requested access to an object, but has not been granted those access rights. (0xc0000022)
[1206/123250.405:ERROR:exception_snapshot_win.cc(99)] thread ID 2220 not found in process
[1206/124042.153:ERROR:process_reader_win.cc(123)] NtOpenThread: {Access Denied} A process has requested access to an object, but has not been granted those access rights. (0xc0000022)
[1206/124042.153:ERROR:exception_snapshot_win.cc(99)] thread ID 5332 not found in process
[1206/124042.200:ERROR:process_reader_win.cc(123)] NtOpenThread: {Access Denied} A process has requested access to an object, but has not been granted those access rights. (0xc0000022)
[1206/124042.200:ERROR:exception_snapshot_win.cc(99)] thread ID 6956 not found in process
[1206/125059.473:ERROR:directory_reader_win.cc(43)] FindFirstFile: The system cannot find the path specified. (0x3)
[1206/131807.421:ERROR:directory_reader_win.cc(43)] FindFirstFile: The system cannot find the path specified. (0x3)
[1206/132342.478:ERROR:directory_reader_win.cc(43)] FindFirstFile: The system cannot find the path specified. (0x3)
[1206/132851.870:ERROR:process_reader_win.cc(123)] NtOpenThread: {Access Denied} A process has requested access to an object, but has not been granted those access rights. (0xc0000022)
[1206/132851.870:ERROR:exception_snapshot_win.cc(99)] thread ID 9244 not found in process
[1206/132851.934:ERROR:process_reader_win.cc(123)] NtOpenThread: {Access Denied} A process has requested access to an object, but has not been granted those access rights. (0xc0000022)
[1206/132851.934:ERROR:exception_snapshot_win.cc(99)] thread ID 8016 not found in process
[1206/132852.022:ERROR:process_reader_win.cc(123)] NtOpenThread: {Access Denied} A process has requested access to an object, but has not been granted those access rights. (0xc0000022)
[1206/132852.022:ERROR:exception_snapshot_win.cc(99)] thread ID 1240 not found in process
[1206/132852.110:ERROR:process_reader_win.cc(151)] SuspendThread: Access is denied. (0x5)
[1206/132852.110:ERROR:process_reader_win.cc(151)] SuspendThread: Access is denied. (0x5)
[1206/132852.110:ERROR:process_reader_win.cc(151)] SuspendThread: Access is denied. (0x5)
[1206/132852.110:ERROR:process_reader_win.cc(151)] SuspendThread: Access is denied. (0x5)
[1206/132852.110:ERROR:process_reader_win.cc(151)] SuspendThread: Access is denied. (0x5)
[1206/132852.110:ERROR:process_reader_win.cc(123)] NtOpenThread: {Access Denied} A process has requested access to an object, but has not been granted those access rights. (0xc0000022)
[1206/132852.110:ERROR:exception_snapshot_win.cc(99)] thread ID 3388 not found in process
[1206/132852.166:ERROR:process_reader_win.cc(151)] SuspendThread: Access is denied. (0x5)
[1206/132852.166:ERROR:process_reader_win.cc(123)] NtOpenThread: {Access Denied} A process has requested access to an object, but has not been granted those access rights. (0xc0000022)
[1206/132852.166:ERROR:exception_snapshot_win.cc(99)] thread ID 6412 not found in process
[1206/132852.222:ERROR:process_reader_win.cc(151)] SuspendThread: Access is denied. (0x5)
[1206/132852.222:ERROR:process_reader_win.cc(151)] SuspendThread: Access is denied. (0x5)
[1206/132852.222:ERROR:process_reader_win.cc(151)] SuspendThread: Access is denied. (0x5)
[1206/132852.222:ERROR:process_reader_win.cc(151)] SuspendThread: Access is denied. (0x5)
[1206/132852.222:ERROR:process_reader_win.cc(123)] NtOpenThread: {Access Denied} A process has requested access to an object, but has not been granted those access rights. (0xc0000022)
[1206/132852.222:ERROR:exception_snapshot_win.cc(99)] thread ID 6896 not found in process
[1206/213917.408:ERROR:directory_reader_win.cc(43)] FindFirstFile: The system cannot find the path specified. (0x3)
[1206/214039.393:ERROR:directory_reader_win.cc(43)] FindFirstFile: The system cannot find the path specified. (0x3)
[1206/214307.199:ERROR:directory_reader_win.cc(43)] FindFirstFile: The system cannot find the path specified. (0x3)
[1206/214528.354:ERROR:directory_reader_win.cc(43)] FindFirstFile: The system cannot find the path specified. (0x3)
[1207/115748.451:ERROR:directory_reader_win.cc(43)] FindFirstFile: The system cannot find the path specified. (0x3)
[1207/120119.647:ERROR:directory_reader_win.cc(43)] FindFirstFile: The system cannot find the path specified. (0x3)
[1207/120532.945:ERROR:directory_reader_win.cc(43)] FindFirstFile: The system cannot find the path specified. (0x3)
[1207/150544.837:ERROR:directory_reader_win.cc(43)] FindFirstFile: The system cannot find the path specified. (0x3)
[1207/150743.107:ERROR:directory_reader_win.cc(43)] FindFirstFile: The system cannot find the path specified. (0x3)
[1207/151138.213:ERROR:directory_reader_win.cc(43)] FindFirstFile: The system cannot find the path specified. (0x3)
[1207/151832.914:ERROR:directory_reader_win.cc(43)] FindFirstFile: The system cannot find the path specified. (0x3)
[1207/152151.800:ERROR:directory_reader_win.cc(43)] FindFirstFile: The system cannot find the path specified. (0x3)
[1207/152416.706:ERROR:directory_reader_win.cc(43)] FindFirstFile: The system cannot find the path specified. (0x3)
[1207/152610.488:ERROR:directory_reader_win.cc(43)] FindFirstFile: The system cannot find the path specified. (0x3)
[1207/152816.655:ERROR:directory_reader_win.cc(43)] FindFirstFile: The system cannot find the path specified. (0x3)
[1207/153011.745:ERROR:directory_reader_win.cc(43)] FindFirstFile: The system cannot find the path specified. (0x3)
[1207/161302.366:ERROR:directory_reader_win.cc(43)] FindFirstFile: The system cannot find the path specified. (0x3)
[1207/161452.131:ERROR:directory_reader_win.cc(43)] FindFirstFile: The system cannot find the path specified. (0x3)
[1207/161648.168:ERROR:directory_reader_win.cc(43)] FindFirstFile: The system cannot find the path specified. (0x3)
[1207/161931.129:ERROR:directory_reader_win.cc(43)] FindFirstFile: The system cannot find the path specified. (0x3)
[1207/162048.274:ERROR:directory_reader_win.cc(43)] FindFirstFile: The system cannot find the path specified. (0x3)
[1207/162901.433:ERROR:directory_reader_win.cc(43)] FindFirstFile: The system cannot find the path specified. (0x3)
